00:08:53.827 [http-nio-9090-exec-9] ERROR com.zsxb.common.GlobalExceptionHandler - token异常！原因：请先登录！
00:09:46.831 [http-nio-9090-exec-1] ERROR com.zsxb.common.GlobalExceptionHandler - token异常！原因：请先登录！
00:11:15.670 [http-nio-9090-exec-5] ERROR com.zsxb.common.GlobalExceptionHandler - token异常！原因：请先登录！
01:20:00.390 [http-nio-9090-exec-7] ERROR com.zsxb.common.GlobalExceptionHandler - 管理员异常！原因：管理员不存在！
01:23:10.914 [http-nio-9090-exec-9] ERROR com.zsxb.common.GlobalExceptionHandler - 管理员异常！原因：非法访问
01:24:08.624 [http-nio-9090-exec-9] ERROR com.zsxb.common.GlobalExceptionHandler - 管理员异常！原因：访问无权限！
01:24:15.920 [http-nio-9090-exec-4] ERROR com.zsxb.common.GlobalExceptionHandler - 管理员异常！原因：访问无权限！
01:24:17.668 [http-nio-9090-exec-7] ERROR com.zsxb.common.GlobalExceptionHandler - 管理员异常！原因：访问无权限！
01:24:20.192 [http-nio-9090-exec-10] ERROR com.zsxb.common.GlobalExceptionHandler - 管理员异常！原因：访问无权限！
01:24:57.019 [http-nio-9090-exec-5] ERROR com.zsxb.common.GlobalExceptionHandler - token异常！原因：当前用户密码已被修改，请重新登录！
01:28:18.799 [http-nio-9090-exec-5] ERROR com.zsxb.common.GlobalExceptionHandler - token异常！原因：请先登录！
01:28:27.229 [http-nio-9090-exec-7] ERROR com.zsxb.common.GlobalExceptionHandler - token异常！原因：请先登录！
01:33:17.003 [http-nio-9090-exec-9] ERROR com.zsxb.common.GlobalExceptionHandler - 顾客异常！原因：顾客不存在！
01:33:39.520 [http-nio-9090-exec-6] ERROR com.zsxb.common.GlobalExceptionHandler - token异常！原因：请先登录！
01:34:51.598 [http-nio-9090-exec-2] ERROR com.zsxb.common.GlobalExceptionHandler - token异常！原因：请先登录！
01:34:51.598 [http-nio-9090-exec-3] ERROR com.zsxb.common.GlobalExceptionHandler - token异常！原因：请先登录！
01:35:08.413 [http-nio-9090-exec-4] ERROR com.zsxb.common.GlobalExceptionHandler - token异常！原因：请先登录！
01:35:08.413 [http-nio-9090-exec-1] ERROR com.zsxb.common.GlobalExceptionHandler - token异常！原因：请先登录！
01:36:34.035 [http-nio-9090-exec-1] ERROR com.zsxb.common.GlobalExceptionHandler - token异常！原因：请先登录！
01:37:23.055 [http-nio-9090-exec-3] ERROR com.zsxb.common.GlobalExceptionHandler - token异常！原因：请先登录！
01:37:34.100 [http-nio-9090-exec-2] ERROR com.zsxb.common.GlobalExceptionHandler - token异常！原因：请先登录！
01:37:54.473 [http-nio-9090-exec-4] ERROR com.zsxb.common.GlobalExceptionHandler - 顾客异常！原因：顾客用户名重复！
01:49:43.299 [http-nio-9090-exec-5] ERROR com.zsxb.common.GlobalExceptionHandler - 未知异常！原因：
### Error querying database.  Cause: java.sql.SQLException: Invalid use of group function
### The error may exist in file [C:\Users\shang\Desktop\ttms\t1\t1\target\classes\mapper\TicketMapper.xml]
### The error may involve defaultParameterMap
### The error occurred while setting parameters
### SQL: select             t.ticket_id,             se.seat_row,             se.seat_column,             st.studio_name,             p.play_name,             sc.sched_time,             t.ticket_price,             count(*) as count         from             ticket t                 left join seat se on t.seat_id=se.seat_id                 left join schedule sc on t.sched_id=sc.sched_id                 left join play p on sc.play_id=p.play_id                 left join studio st on sc.studio_id=st.studio_id                 left join sale sa on sa.ticket_id=t.ticket_id         where             t.ticket_status=9 and t.ticket_id in (             SELECT DISTINCT ticket_id             FROM sale             WHERE cus_id = ? AND sale_type = 1 AND count(ticket_id)%2=1          )         GROUP BY             t.ticket_id, se.seat_row, se.seat_column, st.studio_name, p.play_name, sc.sched_time, t.ticket_price         limit ?,?
### Cause: java.sql.SQLException: Invalid use of group function
; uncategorized SQLException; SQL state [HY000]; error code [1111]; Invalid use of group function; nested exception is java.sql.SQLException: Invalid use of group function
02:03:19.146 [http-nio-9090-exec-3] ERROR com.zsxb.common.GlobalExceptionHandler - 未知异常！原因：
### Error querying database.  Cause: java.sql.SQLException: Invalid use of group function
### The error may exist in file [C:\Users\shang\Desktop\ttms\t1\t1\target\classes\mapper\TicketMapper.xml]
### The error may involve defaultParameterMap
### The error occurred while setting parameters
### SQL: select             t.ticket_id,             se.seat_row,             se.seat_column,             st.studio_name,             p.play_name,             sc.sched_time,             t.ticket_price,             count(*) as count         from             ticket t                 left join seat se on t.seat_id=se.seat_id                 left join schedule sc on t.sched_id=sc.sched_id                 left join play p on sc.play_id=p.play_id                 left join studio st on sc.studio_id=st.studio_id                 left join sale sa on sa.ticket_id=t.ticket_id         where             t.ticket_status=9 and t.ticket_id in (             SELECT DISTINCT ticket_id             FROM sale sa             WHERE cus_id = ? AND sale_type = 1 and mod(count(sa.ticket_id),2)=1         )         GROUP BY             t.ticket_id, se.seat_row, se.seat_column, st.studio_name, p.play_name, sc.sched_time, t.ticket_price         limit ?,?
### Cause: java.sql.SQLException: Invalid use of group function
; uncategorized SQLException; SQL state [HY000]; error code [1111]; Invalid use of group function; nested exception is java.sql.SQLException: Invalid use of group function
02:05:47.634 [http-nio-9090-exec-1] ERROR com.zsxb.common.GlobalExceptionHandler - 未知异常！原因：Redis exception; nested exception is io.lettuce.core.RedisException: java.io.IOException: 远程主机强迫关闭了一个现有的连接。
