00:01:41.966 [SpringApplicationShutdownHook] INFO  com.zaxxer.hikari.HikariDataSource - DataSourceHikariCP - Shutdown initiated...
00:01:41.976 [SpringApplicationShutdownHook] INFO  com.zaxxer.hikari.HikariDataSource - DataSourceHikariCP - Shutdown completed.
00:01:47.437 [main] INFO  com.zsxb.ZsxbMainApplication - Starting ZsxbMainApplication using Java 1.8.0_351 on zhan66 with PID 19912 (C:\Users\shang\Desktop\ttms\t1\t1\target\classes started by shang in C:\Users\shang\Desktop\ttms\t1\t1)
00:01:47.449 [main] INFO  com.zsxb.ZsxbMainApplication - No active profile set, falling back to default profiles: default
00:01:48.820 [main] INFO  org.apache.coyote.http11.Http11NioProtocol - Initializing ProtocolHandler ["http-nio-9091"]
00:01:48.822 [main] INFO  org.apache.catalina.core.StandardService - Starting service [Tomcat]
00:01:48.822 [main] INFO  org.apache.catalina.core.StandardEngine - Starting Servlet engine: [Apache Tomcat/9.0.54]
00:01:48.920 [main] INFO  org.apache.catalina.core.ContainerBase.[Tomcat].[localhost].[/] - Initializing Spring embedded WebApplicationContext
00:01:53.346 [main] INFO  org.apache.coyote.http11.Http11NioProtocol - Starting ProtocolHandler ["http-nio-9091"]
00:01:53.666 [main] INFO  com.zsxb.ZsxbMainApplication - Started ZsxbMainApplication in 6.852 seconds (JVM running for 8.857)
00:02:05.223 [http-nio-9091-exec-1] INFO  org.apache.catalina.core.ContainerBase.[Tomcat].[localhost].[/] - Initializing Spring DispatcherServlet 'dispatcherServlet'
00:02:05.750 [http-nio-9091-exec-1] INFO  com.zaxxer.hikari.HikariDataSource - DataSourceHikariCP - Starting...
00:02:10.525 [http-nio-9091-exec-1] INFO  com.zaxxer.hikari.HikariDataSource - DataSourceHikariCP - Start completed.
00:03:36.517 [SpringApplicationShutdownHook] INFO  com.zaxxer.hikari.HikariDataSource - DataSourceHikariCP - Shutdown initiated...
00:03:36.522 [SpringApplicationShutdownHook] INFO  com.zaxxer.hikari.HikariDataSource - DataSourceHikariCP - Shutdown completed.
00:03:40.781 [main] INFO  com.zsxb.ZsxbMainApplication - Starting ZsxbMainApplication using Java 1.8.0_351 on zhan66 with PID 23112 (C:\Users\shang\Desktop\ttms\t1\t1\target\classes started by shang in C:\Users\shang\Desktop\ttms\t1\t1)
00:03:40.791 [main] INFO  com.zsxb.ZsxbMainApplication - No active profile set, falling back to default profiles: default
00:03:42.063 [main] INFO  org.apache.coyote.http11.Http11NioProtocol - Initializing ProtocolHandler ["http-nio-9091"]
00:03:42.064 [main] INFO  org.apache.catalina.core.StandardService - Starting service [Tomcat]
00:03:42.064 [main] INFO  org.apache.catalina.core.StandardEngine - Starting Servlet engine: [Apache Tomcat/9.0.54]
00:03:42.148 [main] INFO  org.apache.catalina.core.ContainerBase.[Tomcat].[localhost].[/] - Initializing Spring embedded WebApplicationContext
00:03:46.112 [main] INFO  org.apache.coyote.http11.Http11NioProtocol - Starting ProtocolHandler ["http-nio-9091"]
00:03:46.411 [main] INFO  com.zsxb.ZsxbMainApplication - Started ZsxbMainApplication in 6.082 seconds (JVM running for 7.853)
00:04:05.872 [http-nio-9091-exec-1] INFO  org.apache.catalina.core.ContainerBase.[Tomcat].[localhost].[/] - Initializing Spring DispatcherServlet 'dispatcherServlet'
00:04:06.400 [http-nio-9091-exec-10] INFO  com.zaxxer.hikari.HikariDataSource - DataSourceHikariCP - Starting...
00:04:13.148 [http-nio-9091-exec-10] INFO  com.zaxxer.hikari.HikariDataSource - DataSourceHikariCP - Start completed.
00:06:14.227 [SpringApplicationShutdownHook] INFO  com.zaxxer.hikari.HikariDataSource - DataSourceHikariCP - Shutdown initiated...
00:06:14.232 [SpringApplicationShutdownHook] INFO  com.zaxxer.hikari.HikariDataSource - DataSourceHikariCP - Shutdown completed.
00:06:18.849 [main] INFO  com.zsxb.ZsxbMainApplication - Starting ZsxbMainApplication using Java 1.8.0_351 on zhan66 with PID 13472 (C:\Users\shang\Desktop\ttms\t1\t1\target\classes started by shang in C:\Users\shang\Desktop\ttms\t1\t1)
00:06:18.861 [main] INFO  com.zsxb.ZsxbMainApplication - No active profile set, falling back to default profiles: default
00:06:20.158 [main] INFO  org.apache.coyote.http11.Http11NioProtocol - Initializing ProtocolHandler ["http-nio-9091"]
00:06:20.158 [main] INFO  org.apache.catalina.core.StandardService - Starting service [Tomcat]
00:06:20.159 [main] INFO  org.apache.catalina.core.StandardEngine - Starting Servlet engine: [Apache Tomcat/9.0.54]
00:06:20.242 [main] INFO  org.apache.catalina.core.ContainerBase.[Tomcat].[localhost].[/] - Initializing Spring embedded WebApplicationContext
00:06:24.640 [main] INFO  org.apache.coyote.http11.Http11NioProtocol - Starting ProtocolHandler ["http-nio-9091"]
00:06:24.956 [main] INFO  com.zsxb.ZsxbMainApplication - Started ZsxbMainApplication in 6.602 seconds (JVM running for 9.066)
00:06:33.229 [http-nio-9091-exec-1] INFO  org.apache.catalina.core.ContainerBase.[Tomcat].[localhost].[/] - Initializing Spring DispatcherServlet 'dispatcherServlet'
00:06:33.700 [http-nio-9091-exec-10] INFO  com.zaxxer.hikari.HikariDataSource - DataSourceHikariCP - Starting...
00:06:37.709 [http-nio-9091-exec-10] INFO  com.zaxxer.hikari.HikariDataSource - DataSourceHikariCP - Start completed.
00:09:54.032 [SpringApplicationShutdownHook] INFO  com.zaxxer.hikari.HikariDataSource - DataSourceHikariCP - Shutdown initiated...
00:09:54.037 [SpringApplicationShutdownHook] INFO  com.zaxxer.hikari.HikariDataSource - DataSourceHikariCP - Shutdown completed.
00:09:58.131 [main] INFO  com.zsxb.ZsxbMainApplication - Starting ZsxbMainApplication using Java 1.8.0_351 on zhan66 with PID 20776 (C:\Users\shang\Desktop\ttms\t1\t1\target\classes started by shang in C:\Users\shang\Desktop\ttms\t1\t1)
00:09:58.139 [main] INFO  com.zsxb.ZsxbMainApplication - No active profile set, falling back to default profiles: default
00:09:59.440 [main] INFO  org.apache.coyote.http11.Http11NioProtocol - Initializing ProtocolHandler ["http-nio-9091"]
00:09:59.441 [main] INFO  org.apache.catalina.core.StandardService - Starting service [Tomcat]
00:09:59.441 [main] INFO  org.apache.catalina.core.StandardEngine - Starting Servlet engine: [Apache Tomcat/9.0.54]
00:09:59.536 [main] INFO  org.apache.catalina.core.ContainerBase.[Tomcat].[localhost].[/] - Initializing Spring embedded WebApplicationContext
00:10:03.681 [main] INFO  org.apache.coyote.http11.Http11NioProtocol - Starting ProtocolHandler ["http-nio-9091"]
00:10:03.968 [main] INFO  com.zsxb.ZsxbMainApplication - Started ZsxbMainApplication in 6.283 seconds (JVM running for 8.275)
00:10:07.252 [http-nio-9091-exec-1] INFO  org.apache.catalina.core.ContainerBase.[Tomcat].[localhost].[/] - Initializing Spring DispatcherServlet 'dispatcherServlet'
00:10:07.670 [http-nio-9091-exec-10] INFO  com.zaxxer.hikari.HikariDataSource - DataSourceHikariCP - Starting...
00:10:11.946 [http-nio-9091-exec-10] INFO  com.zaxxer.hikari.HikariDataSource - DataSourceHikariCP - Start completed.
00:11:22.237 [SpringApplicationShutdownHook] INFO  com.zaxxer.hikari.HikariDataSource - DataSourceHikariCP - Shutdown initiated...
00:11:22.243 [SpringApplicationShutdownHook] INFO  com.zaxxer.hikari.HikariDataSource - DataSourceHikariCP - Shutdown completed.
00:11:26.816 [main] INFO  com.zsxb.ZsxbMainApplication - Starting ZsxbMainApplication using Java 1.8.0_351 on zhan66 with PID 1244 (C:\Users\shang\Desktop\ttms\t1\t1\target\classes started by shang in C:\Users\shang\Desktop\ttms\t1\t1)
00:11:26.823 [main] INFO  com.zsxb.ZsxbMainApplication - No active profile set, falling back to default profiles: default
00:11:27.960 [main] INFO  org.apache.coyote.http11.Http11NioProtocol - Initializing ProtocolHandler ["http-nio-9091"]
00:11:27.961 [main] INFO  org.apache.catalina.core.StandardService - Starting service [Tomcat]
00:11:27.961 [main] INFO  org.apache.catalina.core.StandardEngine - Starting Servlet engine: [Apache Tomcat/9.0.54]
00:11:28.040 [main] INFO  org.apache.catalina.core.ContainerBase.[Tomcat].[localhost].[/] - Initializing Spring embedded WebApplicationContext
00:11:32.248 [main] INFO  org.apache.coyote.http11.Http11NioProtocol - Starting ProtocolHandler ["http-nio-9091"]
00:11:32.580 [main] INFO  com.zsxb.ZsxbMainApplication - Started ZsxbMainApplication in 6.223 seconds (JVM running for 8.391)
00:11:38.364 [http-nio-9091-exec-1] INFO  org.apache.catalina.core.ContainerBase.[Tomcat].[localhost].[/] - Initializing Spring DispatcherServlet 'dispatcherServlet'
00:11:38.920 [http-nio-9091-exec-10] INFO  com.zaxxer.hikari.HikariDataSource - DataSourceHikariCP - Starting...
00:11:45.655 [http-nio-9091-exec-10] INFO  com.zaxxer.hikari.HikariDataSource - DataSourceHikariCP - Start completed.
00:12:31.843 [SpringApplicationShutdownHook] INFO  com.zaxxer.hikari.HikariDataSource - DataSourceHikariCP - Shutdown initiated...
00:12:31.848 [SpringApplicationShutdownHook] INFO  com.zaxxer.hikari.HikariDataSource - DataSourceHikariCP - Shutdown completed.
00:12:36.909 [main] INFO  com.zsxb.ZsxbMainApplication - Starting ZsxbMainApplication using Java 1.8.0_351 on zhan66 with PID 980 (C:\Users\shang\Desktop\ttms\t1\t1\target\classes started by shang in C:\Users\shang\Desktop\ttms\t1\t1)
00:12:36.944 [main] INFO  com.zsxb.ZsxbMainApplication - No active profile set, falling back to default profiles: default
00:12:38.456 [main] INFO  org.apache.coyote.http11.Http11NioProtocol - Initializing ProtocolHandler ["http-nio-9091"]
00:12:38.456 [main] INFO  org.apache.catalina.core.StandardService - Starting service [Tomcat]
00:12:38.456 [main] INFO  org.apache.catalina.core.StandardEngine - Starting Servlet engine: [Apache Tomcat/9.0.54]
00:12:38.564 [main] INFO  org.apache.catalina.core.ContainerBase.[Tomcat].[localhost].[/] - Initializing Spring embedded WebApplicationContext
00:12:43.217 [main] INFO  org.apache.coyote.http11.Http11NioProtocol - Starting ProtocolHandler ["http-nio-9091"]
00:12:43.570 [main] INFO  com.zsxb.ZsxbMainApplication - Started ZsxbMainApplication in 7.215 seconds (JVM running for 9.494)
00:12:53.397 [http-nio-9091-exec-1] INFO  org.apache.catalina.core.ContainerBase.[Tomcat].[localhost].[/] - Initializing Spring DispatcherServlet 'dispatcherServlet'
00:12:54.209 [http-nio-9091-exec-10] INFO  com.zaxxer.hikari.HikariDataSource - DataSourceHikariCP - Starting...
00:12:58.307 [http-nio-9091-exec-10] INFO  com.zaxxer.hikari.HikariDataSource - DataSourceHikariCP - Start completed.
00:18:41.557 [SpringApplicationShutdownHook] INFO  com.zaxxer.hikari.HikariDataSource - DataSourceHikariCP - Shutdown initiated...
00:18:41.564 [SpringApplicationShutdownHook] INFO  com.zaxxer.hikari.HikariDataSource - DataSourceHikariCP - Shutdown completed.
00:18:46.356 [main] INFO  com.zsxb.ZsxbMainApplication - Starting ZsxbMainApplication using Java 1.8.0_351 on zhan66 with PID 8532 (C:\Users\shang\Desktop\ttms\t1\t1\target\classes started by shang in C:\Users\shang\Desktop\ttms\t1\t1)
00:18:46.364 [main] INFO  com.zsxb.ZsxbMainApplication - No active profile set, falling back to default profiles: default
00:18:47.682 [main] INFO  org.apache.coyote.http11.Http11NioProtocol - Initializing ProtocolHandler ["http-nio-9091"]
00:18:47.683 [main] INFO  org.apache.catalina.core.StandardService - Starting service [Tomcat]
00:18:47.683 [main] INFO  org.apache.catalina.core.StandardEngine - Starting Servlet engine: [Apache Tomcat/9.0.54]
00:18:47.783 [main] INFO  org.apache.catalina.core.ContainerBase.[Tomcat].[localhost].[/] - Initializing Spring embedded WebApplicationContext
00:18:52.118 [main] INFO  org.apache.coyote.http11.Http11NioProtocol - Starting ProtocolHandler ["http-nio-9091"]
00:18:52.414 [main] INFO  com.zsxb.ZsxbMainApplication - Started ZsxbMainApplication in 6.573 seconds (JVM running for 8.702)
00:19:38.006 [http-nio-9091-exec-1] INFO  org.apache.catalina.core.ContainerBase.[Tomcat].[localhost].[/] - Initializing Spring DispatcherServlet 'dispatcherServlet'
00:19:38.690 [http-nio-9091-exec-10] INFO  com.zaxxer.hikari.HikariDataSource - DataSourceHikariCP - Starting...
00:19:42.532 [http-nio-9091-exec-10] INFO  com.zaxxer.hikari.HikariDataSource - DataSourceHikariCP - Start completed.
00:24:00.971 [SpringApplicationShutdownHook] INFO  com.zaxxer.hikari.HikariDataSource - DataSourceHikariCP - Shutdown initiated...
00:24:00.976 [SpringApplicationShutdownHook] INFO  com.zaxxer.hikari.HikariDataSource - DataSourceHikariCP - Shutdown completed.
00:24:05.787 [main] INFO  com.zsxb.ZsxbMainApplication - Starting ZsxbMainApplication using Java 1.8.0_351 on zhan66 with PID 7072 (C:\Users\shang\Desktop\ttms\t1\t1\target\classes started by shang in C:\Users\shang\Desktop\ttms\t1\t1)
00:24:05.799 [main] INFO  com.zsxb.ZsxbMainApplication - No active profile set, falling back to default profiles: default
00:24:07.200 [main] INFO  org.apache.coyote.http11.Http11NioProtocol - Initializing ProtocolHandler ["http-nio-9091"]
00:24:07.201 [main] INFO  org.apache.catalina.core.StandardService - Starting service [Tomcat]
00:24:07.201 [main] INFO  org.apache.catalina.core.StandardEngine - Starting Servlet engine: [Apache Tomcat/9.0.54]
00:24:07.294 [main] INFO  org.apache.catalina.core.ContainerBase.[Tomcat].[localhost].[/] - Initializing Spring embedded WebApplicationContext
00:24:11.664 [main] INFO  org.apache.coyote.http11.Http11NioProtocol - Starting ProtocolHandler ["http-nio-9091"]
00:24:11.957 [main] INFO  com.zsxb.ZsxbMainApplication - Started ZsxbMainApplication in 6.735 seconds (JVM running for 8.901)
00:24:43.774 [http-nio-9091-exec-1] INFO  org.apache.catalina.core.ContainerBase.[Tomcat].[localhost].[/] - Initializing Spring DispatcherServlet 'dispatcherServlet'
00:24:44.198 [http-nio-9091-exec-10] INFO  com.zaxxer.hikari.HikariDataSource - DataSourceHikariCP - Starting...
00:24:49.635 [http-nio-9091-exec-10] INFO  com.zaxxer.hikari.HikariDataSource - DataSourceHikariCP - Start completed.
00:26:03.155 [http-nio-9091-exec-3] ERROR com.zsxb.common.GlobalExceptionHandler - 未知异常！原因：Failed to convert value of type 'java.lang.String' to required type 'int'; nested exception is java.lang.NumberFormatException: For input string: "NaN"
00:27:50.946 [SpringApplicationShutdownHook] INFO  com.zaxxer.hikari.HikariDataSource - DataSourceHikariCP - Shutdown initiated...
00:27:50.950 [SpringApplicationShutdownHook] INFO  com.zaxxer.hikari.HikariDataSource - DataSourceHikariCP - Shutdown completed.
00:27:55.043 [main] INFO  com.zsxb.ZsxbMainApplication - Starting ZsxbMainApplication using Java 1.8.0_351 on zhan66 with PID 21884 (C:\Users\shang\Desktop\ttms\t1\t1\target\classes started by shang in C:\Users\shang\Desktop\ttms\t1\t1)
00:27:55.055 [main] INFO  com.zsxb.ZsxbMainApplication - No active profile set, falling back to default profiles: default
00:27:56.746 [main] INFO  org.apache.coyote.http11.Http11NioProtocol - Initializing ProtocolHandler ["http-nio-9091"]
00:27:56.747 [main] INFO  org.apache.catalina.core.StandardService - Starting service [Tomcat]
00:27:56.747 [main] INFO  org.apache.catalina.core.StandardEngine - Starting Servlet engine: [Apache Tomcat/9.0.54]
00:27:56.852 [main] INFO  org.apache.catalina.core.ContainerBase.[Tomcat].[localhost].[/] - Initializing Spring embedded WebApplicationContext
00:28:03.287 [main] INFO  org.apache.coyote.http11.Http11NioProtocol - Starting ProtocolHandler ["http-nio-9091"]
00:28:03.664 [main] INFO  com.zsxb.ZsxbMainApplication - Started ZsxbMainApplication in 9.225 seconds (JVM running for 11.674)
00:29:16.177 [http-nio-9091-exec-1] INFO  org.apache.catalina.core.ContainerBase.[Tomcat].[localhost].[/] - Initializing Spring DispatcherServlet 'dispatcherServlet'
00:29:16.950 [http-nio-9091-exec-10] INFO  com.zaxxer.hikari.HikariDataSource - DataSourceHikariCP - Starting...
00:29:21.222 [http-nio-9091-exec-10] INFO  com.zaxxer.hikari.HikariDataSource - DataSourceHikariCP - Start completed.
00:30:15.454 [SpringApplicationShutdownHook] INFO  com.zaxxer.hikari.HikariDataSource - DataSourceHikariCP - Shutdown initiated...
00:30:15.461 [SpringApplicationShutdownHook] INFO  com.zaxxer.hikari.HikariDataSource - DataSourceHikariCP - Shutdown completed.
00:30:20.366 [main] INFO  com.zsxb.ZsxbMainApplication - Starting ZsxbMainApplication using Java 1.8.0_351 on zhan66 with PID 18412 (C:\Users\shang\Desktop\ttms\t1\t1\target\classes started by shang in C:\Users\shang\Desktop\ttms\t1\t1)
00:30:20.424 [main] INFO  com.zsxb.ZsxbMainApplication - No active profile set, falling back to default profiles: default
00:30:21.895 [main] INFO  org.apache.coyote.http11.Http11NioProtocol - Initializing ProtocolHandler ["http-nio-9091"]
00:30:21.895 [main] INFO  org.apache.catalina.core.StandardService - Starting service [Tomcat]
00:30:21.895 [main] INFO  org.apache.catalina.core.StandardEngine - Starting Servlet engine: [Apache Tomcat/9.0.54]
00:30:22.030 [main] INFO  org.apache.catalina.core.ContainerBase.[Tomcat].[localhost].[/] - Initializing Spring embedded WebApplicationContext
00:30:27.632 [main] INFO  org.apache.coyote.http11.Http11NioProtocol - Starting ProtocolHandler ["http-nio-9091"]
00:30:27.940 [main] INFO  com.zsxb.ZsxbMainApplication - Started ZsxbMainApplication in 8.143 seconds (JVM running for 10.357)
00:31:32.185 [http-nio-9091-exec-1] INFO  org.apache.catalina.core.ContainerBase.[Tomcat].[localhost].[/] - Initializing Spring DispatcherServlet 'dispatcherServlet'
00:31:32.509 [http-nio-9091-exec-10] INFO  com.zaxxer.hikari.HikariDataSource - DataSourceHikariCP - Starting...
00:31:36.439 [http-nio-9091-exec-10] INFO  com.zaxxer.hikari.HikariDataSource - DataSourceHikariCP - Start completed.
00:36:43.732 [SpringApplicationShutdownHook] INFO  com.zaxxer.hikari.HikariDataSource - DataSourceHikariCP - Shutdown initiated...
00:36:43.735 [SpringApplicationShutdownHook] INFO  com.zaxxer.hikari.HikariDataSource - DataSourceHikariCP - Shutdown completed.
01:01:43.854 [main] INFO  com.zsxb.ZsxbMainApplication - Starting ZsxbMainApplication using Java 1.8.0_351 on zhan66 with PID 15064 (C:\Users\shang\Desktop\ttms\t1\t1\target\classes started by shang in C:\Users\shang\Desktop\ttms\t1\t1)
01:01:43.912 [main] INFO  com.zsxb.ZsxbMainApplication - No active profile set, falling back to default profiles: default
01:01:45.184 [main] INFO  org.apache.coyote.http11.Http11NioProtocol - Initializing ProtocolHandler ["http-nio-9091"]
01:01:45.185 [main] INFO  org.apache.catalina.core.StandardService - Starting service [Tomcat]
01:01:45.185 [main] INFO  org.apache.catalina.core.StandardEngine - Starting Servlet engine: [Apache Tomcat/9.0.54]
01:01:45.266 [main] INFO  org.apache.catalina.core.ContainerBase.[Tomcat].[localhost].[/] - Initializing Spring embedded WebApplicationContext
01:01:49.565 [main] INFO  org.apache.coyote.http11.Http11NioProtocol - Starting ProtocolHandler ["http-nio-9091"]
01:01:49.902 [main] INFO  com.zsxb.ZsxbMainApplication - Started ZsxbMainApplication in 6.624 seconds (JVM running for 8.829)
01:02:55.626 [http-nio-9091-exec-1] INFO  org.apache.catalina.core.ContainerBase.[Tomcat].[localhost].[/] - Initializing Spring DispatcherServlet 'dispatcherServlet'
01:02:55.867 [http-nio-9091-exec-1] INFO  com.zaxxer.hikari.HikariDataSource - DataSourceHikariCP - Starting...
01:02:59.564 [http-nio-9091-exec-1] INFO  com.zaxxer.hikari.HikariDataSource - DataSourceHikariCP - Start completed.
01:03:22.887 [SpringApplicationShutdownHook] INFO  com.zaxxer.hikari.HikariDataSource - DataSourceHikariCP - Shutdown initiated...
01:03:22.892 [SpringApplicationShutdownHook] INFO  com.zaxxer.hikari.HikariDataSource - DataSourceHikariCP - Shutdown completed.
01:17:50.812 [main] INFO  com.zsxb.ZsxbMainApplication - Starting ZsxbMainApplication using Java 1.8.0_351 on zhan66 with PID 12148 (C:\Users\shang\Desktop\ttms\t1\t1\target\classes started by shang in C:\Users\shang\Desktop\ttms\t1\t1)
01:17:50.821 [main] INFO  com.zsxb.ZsxbMainApplication - No active profile set, falling back to default profiles: default
01:17:52.040 [main] INFO  org.apache.coyote.http11.Http11NioProtocol - Initializing ProtocolHandler ["http-nio-9091"]
01:17:52.040 [main] INFO  org.apache.catalina.core.StandardService - Starting service [Tomcat]
01:17:52.040 [main] INFO  org.apache.catalina.core.StandardEngine - Starting Servlet engine: [Apache Tomcat/9.0.54]
01:17:52.124 [main] INFO  org.apache.catalina.core.ContainerBase.[Tomcat].[localhost].[/] - Initializing Spring embedded WebApplicationContext
01:17:56.450 [main] INFO  org.apache.coyote.http11.Http11NioProtocol - Starting ProtocolHandler ["http-nio-9091"]
01:17:56.742 [main] INFO  com.zsxb.ZsxbMainApplication - Started ZsxbMainApplication in 6.458 seconds (JVM running for 8.761)
01:18:01.679 [http-nio-9091-exec-1] INFO  org.apache.catalina.core.ContainerBase.[Tomcat].[localhost].[/] - Initializing Spring DispatcherServlet 'dispatcherServlet'
01:18:02.083 [http-nio-9091-exec-2] INFO  com.zaxxer.hikari.HikariDataSource - DataSourceHikariCP - Starting...
01:18:06.006 [http-nio-9091-exec-2] INFO  com.zaxxer.hikari.HikariDataSource - DataSourceHikariCP - Start completed.
01:19:40.208 [SpringApplicationShutdownHook] INFO  com.zaxxer.hikari.HikariDataSource - DataSourceHikariCP - Shutdown initiated...
01:19:40.212 [SpringApplicationShutdownHook] INFO  com.zaxxer.hikari.HikariDataSource - DataSourceHikariCP - Shutdown completed.
01:19:44.821 [main] INFO  com.zsxb.ZsxbMainApplication - Starting ZsxbMainApplication using Java 1.8.0_351 on zhan66 with PID 6544 (C:\Users\shang\Desktop\ttms\t1\t1\target\classes started by shang in C:\Users\shang\Desktop\ttms\t1\t1)
01:19:44.833 [main] INFO  com.zsxb.ZsxbMainApplication - No active profile set, falling back to default profiles: default
01:19:46.155 [main] INFO  org.apache.coyote.http11.Http11NioProtocol - Initializing ProtocolHandler ["http-nio-9091"]
01:19:46.155 [main] INFO  org.apache.catalina.core.StandardService - Starting service [Tomcat]
01:19:46.156 [main] INFO  org.apache.catalina.core.StandardEngine - Starting Servlet engine: [Apache Tomcat/9.0.54]
01:19:46.249 [main] INFO  org.apache.catalina.core.ContainerBase.[Tomcat].[localhost].[/] - Initializing Spring embedded WebApplicationContext
01:19:50.979 [main] INFO  org.apache.coyote.http11.Http11NioProtocol - Starting ProtocolHandler ["http-nio-9091"]
01:19:51.300 [main] INFO  com.zsxb.ZsxbMainApplication - Started ZsxbMainApplication in 6.988 seconds (JVM running for 9.008)
01:20:10.612 [http-nio-9091-exec-1] INFO  org.apache.catalina.core.ContainerBase.[Tomcat].[localhost].[/] - Initializing Spring DispatcherServlet 'dispatcherServlet'
01:20:10.966 [http-nio-9091-exec-2] INFO  com.zaxxer.hikari.HikariDataSource - DataSourceHikariCP - Starting...
01:20:14.957 [http-nio-9091-exec-2] INFO  com.zaxxer.hikari.HikariDataSource - DataSourceHikariCP - Start completed.
01:26:24.425 [SpringApplicationShutdownHook] INFO  com.zaxxer.hikari.HikariDataSource - DataSourceHikariCP - Shutdown initiated...
01:26:24.432 [SpringApplicationShutdownHook] INFO  com.zaxxer.hikari.HikariDataSource - DataSourceHikariCP - Shutdown completed.
01:26:28.678 [main] INFO  com.zsxb.ZsxbMainApplication - Starting ZsxbMainApplication using Java 1.8.0_351 on zhan66 with PID 9024 (C:\Users\shang\Desktop\ttms\t1\t1\target\classes started by shang in C:\Users\shang\Desktop\ttms\t1\t1)
01:26:28.687 [main] INFO  com.zsxb.ZsxbMainApplication - No active profile set, falling back to default profiles: default
01:26:29.971 [main] INFO  org.apache.coyote.http11.Http11NioProtocol - Initializing ProtocolHandler ["http-nio-9091"]
01:26:29.972 [main] INFO  org.apache.catalina.core.StandardService - Starting service [Tomcat]
01:26:29.972 [main] INFO  org.apache.catalina.core.StandardEngine - Starting Servlet engine: [Apache Tomcat/9.0.54]
01:26:30.060 [main] INFO  org.apache.catalina.core.ContainerBase.[Tomcat].[localhost].[/] - Initializing Spring embedded WebApplicationContext
01:26:34.480 [main] INFO  org.apache.coyote.http11.Http11NioProtocol - Starting ProtocolHandler ["http-nio-9091"]
01:26:34.768 [main] INFO  com.zsxb.ZsxbMainApplication - Started ZsxbMainApplication in 6.556 seconds (JVM running for 8.422)
01:26:43.839 [http-nio-9091-exec-1] INFO  org.apache.catalina.core.ContainerBase.[Tomcat].[localhost].[/] - Initializing Spring DispatcherServlet 'dispatcherServlet'
01:26:44.198 [http-nio-9091-exec-2] INFO  com.zaxxer.hikari.HikariDataSource - DataSourceHikariCP - Starting...
01:26:47.995 [http-nio-9091-exec-2] INFO  com.zaxxer.hikari.HikariDataSource - DataSourceHikariCP - Start completed.
02:02:27.522 [SpringApplicationShutdownHook] INFO  com.zaxxer.hikari.HikariDataSource - DataSourceHikariCP - Shutdown initiated...
02:02:27.528 [SpringApplicationShutdownHook] INFO  com.zaxxer.hikari.HikariDataSource - DataSourceHikariCP - Shutdown completed.
02:02:32.344 [main] INFO  com.zsxb.ZsxbMainApplication - Starting ZsxbMainApplication using Java 1.8.0_351 on zhan66 with PID 4760 (C:\Users\shang\Desktop\ttms\t1\t1\target\classes started by shang in C:\Users\shang\Desktop\ttms\t1\t1)
02:02:32.353 [main] INFO  com.zsxb.ZsxbMainApplication - No active profile set, falling back to default profiles: default
02:02:33.794 [main] INFO  org.apache.coyote.http11.Http11NioProtocol - Initializing ProtocolHandler ["http-nio-9091"]
02:02:33.795 [main] INFO  org.apache.catalina.core.StandardService - Starting service [Tomcat]
02:02:33.795 [main] INFO  org.apache.catalina.core.StandardEngine - Starting Servlet engine: [Apache Tomcat/9.0.54]
02:02:33.890 [main] INFO  org.apache.catalina.core.ContainerBase.[Tomcat].[localhost].[/] - Initializing Spring embedded WebApplicationContext
02:02:38.423 [main] INFO  org.apache.coyote.http11.Http11NioProtocol - Starting ProtocolHandler ["http-nio-9091"]
02:02:38.755 [main] INFO  com.zsxb.ZsxbMainApplication - Started ZsxbMainApplication in 6.901 seconds (JVM running for 8.924)
02:02:49.107 [http-nio-9091-exec-1] INFO  org.apache.catalina.core.ContainerBase.[Tomcat].[localhost].[/] - Initializing Spring DispatcherServlet 'dispatcherServlet'
02:02:49.542 [http-nio-9091-exec-2] INFO  com.zaxxer.hikari.HikariDataSource - DataSourceHikariCP - Starting...
02:02:54.428 [http-nio-9091-exec-2] INFO  com.zaxxer.hikari.HikariDataSource - DataSourceHikariCP - Start completed.
02:07:57.014 [SpringApplicationShutdownHook] INFO  com.zaxxer.hikari.HikariDataSource - DataSourceHikariCP - Shutdown initiated...
02:07:57.019 [SpringApplicationShutdownHook] INFO  com.zaxxer.hikari.HikariDataSource - DataSourceHikariCP - Shutdown completed.
02:08:01.450 [main] INFO  com.zsxb.ZsxbMainApplication - Starting ZsxbMainApplication using Java 1.8.0_351 on zhan66 with PID 16980 (C:\Users\shang\Desktop\ttms\t1\t1\target\classes started by shang in C:\Users\shang\Desktop\ttms\t1\t1)
02:08:01.459 [main] INFO  com.zsxb.ZsxbMainApplication - No active profile set, falling back to default profiles: default
02:08:02.682 [main] INFO  org.apache.coyote.http11.Http11NioProtocol - Initializing ProtocolHandler ["http-nio-9091"]
02:08:02.683 [main] INFO  org.apache.catalina.core.StandardService - Starting service [Tomcat]
02:08:02.683 [main] INFO  org.apache.catalina.core.StandardEngine - Starting Servlet engine: [Apache Tomcat/9.0.54]
02:08:02.781 [main] INFO  org.apache.catalina.core.ContainerBase.[Tomcat].[localhost].[/] - Initializing Spring embedded WebApplicationContext
02:08:07.141 [main] INFO  org.apache.coyote.http11.Http11NioProtocol - Starting ProtocolHandler ["http-nio-9091"]
02:08:07.449 [main] INFO  com.zsxb.ZsxbMainApplication - Started ZsxbMainApplication in 6.482 seconds (JVM running for 8.383)
02:08:13.824 [http-nio-9091-exec-1] INFO  org.apache.catalina.core.ContainerBase.[Tomcat].[localhost].[/] - Initializing Spring DispatcherServlet 'dispatcherServlet'
02:08:14.339 [http-nio-9091-exec-10] INFO  com.zaxxer.hikari.HikariDataSource - DataSourceHikariCP - Starting...
02:08:18.261 [http-nio-9091-exec-10] INFO  com.zaxxer.hikari.HikariDataSource - DataSourceHikariCP - Start completed.
02:11:27.968 [SpringApplicationShutdownHook] INFO  com.zaxxer.hikari.HikariDataSource - DataSourceHikariCP - Shutdown initiated...
02:11:27.973 [SpringApplicationShutdownHook] INFO  com.zaxxer.hikari.HikariDataSource - DataSourceHikariCP - Shutdown completed.
02:11:32.628 [main] INFO  com.zsxb.ZsxbMainApplication - Starting ZsxbMainApplication using Java 1.8.0_351 on zhan66 with PID 19604 (C:\Users\shang\Desktop\ttms\t1\t1\target\classes started by shang in C:\Users\shang\Desktop\ttms\t1\t1)
02:11:32.640 [main] INFO  com.zsxb.ZsxbMainApplication - No active profile set, falling back to default profiles: default
02:11:33.995 [main] INFO  org.apache.coyote.http11.Http11NioProtocol - Initializing ProtocolHandler ["http-nio-9091"]
02:11:33.995 [main] INFO  org.apache.catalina.core.StandardService - Starting service [Tomcat]
02:11:33.996 [main] INFO  org.apache.catalina.core.StandardEngine - Starting Servlet engine: [Apache Tomcat/9.0.54]
02:11:34.087 [main] INFO  org.apache.catalina.core.ContainerBase.[Tomcat].[localhost].[/] - Initializing Spring embedded WebApplicationContext
02:11:38.540 [main] INFO  org.apache.coyote.http11.Http11NioProtocol - Starting ProtocolHandler ["http-nio-9091"]
02:11:38.874 [main] INFO  com.zsxb.ZsxbMainApplication - Started ZsxbMainApplication in 6.755 seconds (JVM running for 8.83)
02:11:44.045 [http-nio-9091-exec-1] INFO  org.apache.catalina.core.ContainerBase.[Tomcat].[localhost].[/] - Initializing Spring DispatcherServlet 'dispatcherServlet'
02:11:44.479 [http-nio-9091-exec-10] INFO  com.zaxxer.hikari.HikariDataSource - DataSourceHikariCP - Starting...
02:11:48.173 [http-nio-9091-exec-10] INFO  com.zaxxer.hikari.HikariDataSource - DataSourceHikariCP - Start completed.
02:16:41.731 [SpringApplicationShutdownHook] INFO  com.zaxxer.hikari.HikariDataSource - DataSourceHikariCP - Shutdown initiated...
02:16:41.736 [SpringApplicationShutdownHook] INFO  com.zaxxer.hikari.HikariDataSource - DataSourceHikariCP - Shutdown completed.
02:19:00.669 [main] INFO  com.zsxb.ZsxbMainApplication - Starting ZsxbMainApplication using Java 1.8.0_351 on zhan66 with PID 19352 (C:\Users\shang\Desktop\ttms\t1\t1\target\classes started by shang in C:\Users\shang\Desktop\ttms\t1\t1)
02:19:00.679 [main] INFO  com.zsxb.ZsxbMainApplication - No active profile set, falling back to default profiles: default
02:19:02.068 [main] INFO  org.apache.coyote.http11.Http11NioProtocol - Initializing ProtocolHandler ["http-nio-9091"]
02:19:02.069 [main] INFO  org.apache.catalina.core.StandardService - Starting service [Tomcat]
02:19:02.069 [main] INFO  org.apache.catalina.core.StandardEngine - Starting Servlet engine: [Apache Tomcat/9.0.54]
02:19:02.152 [main] INFO  org.apache.catalina.core.ContainerBase.[Tomcat].[localhost].[/] - Initializing Spring embedded WebApplicationContext
02:19:07.076 [main] INFO  org.apache.coyote.http11.Http11NioProtocol - Starting ProtocolHandler ["http-nio-9091"]
02:19:07.374 [main] INFO  com.zsxb.ZsxbMainApplication - Started ZsxbMainApplication in 7.213 seconds (JVM running for 9.021)
02:19:13.140 [http-nio-9091-exec-1] INFO  org.apache.catalina.core.ContainerBase.[Tomcat].[localhost].[/] - Initializing Spring DispatcherServlet 'dispatcherServlet'
02:19:13.513 [http-nio-9091-exec-2] INFO  com.zaxxer.hikari.HikariDataSource - DataSourceHikariCP - Starting...
02:19:17.380 [http-nio-9091-exec-2] INFO  com.zaxxer.hikari.HikariDataSource - DataSourceHikariCP - Start completed.
02:23:12.244 [SpringApplicationShutdownHook] INFO  com.zaxxer.hikari.HikariDataSource - DataSourceHikariCP - Shutdown initiated...
02:23:12.249 [SpringApplicationShutdownHook] INFO  com.zaxxer.hikari.HikariDataSource - DataSourceHikariCP - Shutdown completed.
02:23:17.192 [main] INFO  com.zsxb.ZsxbMainApplication - Starting ZsxbMainApplication using Java 1.8.0_351 on zhan66 with PID 1388 (C:\Users\shang\Desktop\ttms\t1\t1\target\classes started by shang in C:\Users\shang\Desktop\ttms\t1\t1)
02:23:17.246 [main] INFO  com.zsxb.ZsxbMainApplication - No active profile set, falling back to default profiles: default
02:23:18.971 [main] INFO  org.apache.coyote.http11.Http11NioProtocol - Initializing ProtocolHandler ["http-nio-9091"]
02:23:18.972 [main] INFO  org.apache.catalina.core.StandardService - Starting service [Tomcat]
02:23:18.972 [main] INFO  org.apache.catalina.core.StandardEngine - Starting Servlet engine: [Apache Tomcat/9.0.54]
02:23:19.120 [main] INFO  org.apache.catalina.core.ContainerBase.[Tomcat].[localhost].[/] - Initializing Spring embedded WebApplicationContext
02:23:24.722 [main] INFO  org.apache.coyote.http11.Http11NioProtocol - Starting ProtocolHandler ["http-nio-9091"]
02:23:25.028 [main] INFO  com.zsxb.ZsxbMainApplication - Started ZsxbMainApplication in 8.452 seconds (JVM running for 10.649)
02:23:28.756 [http-nio-9091-exec-1] INFO  org.apache.catalina.core.ContainerBase.[Tomcat].[localhost].[/] - Initializing Spring DispatcherServlet 'dispatcherServlet'
02:23:28.995 [http-nio-9091-exec-2] INFO  com.zaxxer.hikari.HikariDataSource - DataSourceHikariCP - Starting...
02:23:32.946 [http-nio-9091-exec-2] INFO  com.zaxxer.hikari.HikariDataSource - DataSourceHikariCP - Start completed.
02:33:02.949 [DataSourceHikariCP housekeeper] WARN  com.zaxxer.hikari.pool.HikariPool - DataSourceHikariCP - Thread starvation or clock leap detected (housekeeper delta=1m29s767ms607µs400ns).
05:17:06.625 [DataSourceHikariCP housekeeper] WARN  com.zaxxer.hikari.pool.HikariPool - DataSourceHikariCP - Thread starvation or clock leap detected (housekeeper delta=2h39m33s590ms563µs901ns).
07:48:59.987 [DataSourceHikariCP housekeeper] WARN  com.zaxxer.hikari.pool.HikariPool - DataSourceHikariCP - Thread starvation or clock leap detected (housekeeper delta=2h26m53s255ms644µs100ns).
07:52:16.056 [SpringApplicationShutdownHook] INFO  com.zaxxer.hikari.HikariDataSource - DataSourceHikariCP - Shutdown initiated...
07:52:43.994 [SpringApplicationShutdownHook] INFO  com.zaxxer.hikari.HikariDataSource - DataSourceHikariCP - Shutdown completed.
